#-----------------------------------------------------------
# Vivado v2020.1 (64-bit)
# SW Build 2902540 on Wed May 27 19:54:49 MDT 2020
# IP Build 2902112 on Wed May 27 22:43:36 MDT 2020
# Start of session at: Thu Oct 15 11:44:47 2020
# Process ID: 10092
# Current directory: C:/Users/abby_joseph1/Documents/GitHub/Lab07/Lab07
# Command line: vivado.exe -gui_launcher_event rodinguilauncherevent14352 C:\Users\abby_joseph1\Documents\GitHub\Lab07\Lab07\Lab07.xpr
# Log file: C:/Users/abby_joseph1/Documents/GitHub/Lab07/Lab07/vivado.log
# Journal file: C:/Users/abby_joseph1/Documents/GitHub/Lab07/Lab07\vivado.jou
#-----------------------------------------------------------
start_gui
open_project C:/Users/abby_joseph1/Documents/GitHub/Lab07/Lab07/Lab07.xpr
INFO: [Project 1-313] Project file moved from 'C:/Users/aajos/Documents/GitHub/Lab07/Lab07' since last save.
Scanning sources...
Finished scanning sources
WARNING: [filemgmt 56-2] Default IP Output Path : Could not find the directory 'C:/Users/abby_joseph1/Documents/GitHub/Lab07/Lab07/Lab07.srcs/sources_1', nor could it be found using path 'C:/Users/aajos/Documents/GitHub/Lab07/Lab07/Lab07.srcs/sources_1'.
INFO: [IP_Flow 19-234] Refreshing IP repositories
INFO: [IP_Flow 19-1704] No user IP repositories specified
INFO: [IP_Flow 19-2313] Loaded Vivado IP repository 'C:/XilinxVitis/Vivado/2020.1/data/ip'.
open_project: Time (s): cpu = 00:00:15 ; elapsed = 00:00:07 . Memory (MB): peak = 1112.676 ; gain = 0.000
update_compile_order -fileset sources_1
